[debug] [2024-12-21T15:48:27.572Z] ----------------------------------------------------------------------
[debug] [2024-12-21T15:48:27.577Z] Command:       M:\node.exe C:\Users\Vishnu\AppData\Roaming\npm\node_modules\firebase-tools\lib\bin\firebase.js init
[debug] [2024-12-21T15:48:27.578Z] CLI Version:   13.22.1
[debug] [2024-12-21T15:48:27.579Z] Platform:      win32
[debug] [2024-12-21T15:48:27.579Z] Node Version:  v20.18.0
[debug] [2024-12-21T15:48:27.580Z] Time:          Sat Dec 21 2024 21:18:27 GMT+0530 (India Standard Time)
[debug] [2024-12-21T15:48:27.580Z] ----------------------------------------------------------------------
[debug] 
[debug] [2024-12-21T15:48:27.604Z] >>> [apiv2][query] GET https://firebase-public.firebaseio.com/cli.json [none]
[debug] [2024-12-21T15:48:27.674Z] > command requires scopes: ["email","openid","https://www.googleapis.com/auth/cloudplatformprojects.readonly","https://www.googleapis.com/auth/firebase","https://www.googleapis.com/auth/cloud-platform"]
[debug] [2024-12-21T15:48:27.675Z] > authorizing via signed-in user (ritwizsingh007@gmail.com)
[info] 
     ######## #### ########  ######## ########     ###     ######  ########
     ##        ##  ##     ## ##       ##     ##  ##   ##  ##       ##
     ######    ##  ########  ######   ########  #########  ######  ######
     ##        ##  ##    ##  ##       ##     ## ##     ##       ## ##
     ##       #### ##     ## ######## ########  ##     ##  ######  ########

You're about to initialize a Firebase project in this directory:

  D:\golang-projects\roboweek3.0-backend

[debug] [2024-12-21T15:48:28.481Z] <<< [apiv2][status] GET https://firebase-public.firebaseio.com/cli.json 200
[debug] [2024-12-21T15:48:28.482Z] <<< [apiv2][body] GET https://firebase-public.firebaseio.com/cli.json {"cloudBuildErrorAfter":1594252800000,"cloudBuildWarnAfter":1590019200000,"defaultNode10After":1594252800000,"minVersion":"3.0.5","node8DeploysDisabledAfter":1613390400000,"node8RuntimeDisabledAfter":1615809600000,"node8WarnAfter":1600128000000}
